Replace Part C? Ceramic_Capacitor in C:\Users\alvar\OneDrive\Escritorio\asignaturas_4_1C\Proyectos\PCBproyecto\PCB_Project\uC_assembly.SchDoc with Ceramic_Capacitor from Schlib1.SchLib
Replace Part C? Ceramic_Capacitor in C:\Users\alvar\OneDrive\Escritorio\asignaturas_4_1C\Proyectos\PCBproyecto\PCB_Project\uC_assembly.SchDoc with Ceramic_Capacitor from Schlib1.SchLib
Replace Part C? Ceramic_Capacitor in C:\Users\alvar\OneDrive\Escritorio\asignaturas_4_1C\Proyectos\PCBproyecto\PCB_Project\uC_assembly.SchDoc with Ceramic_Capacitor from Schlib1.SchLib
Replace Part C? Ceramic_Capacitor in C:\Users\alvar\OneDrive\Escritorio\asignaturas_4_1C\Proyectos\PCBproyecto\PCB_Project\uC_assembly.SchDoc with Ceramic_Capacitor from Schlib1.SchLib
Replace Part C? Ceramic_Capacitor in C:\Users\alvar\OneDrive\Escritorio\asignaturas_4_1C\Proyectos\PCBproyecto\PCB_Project\uC_assembly.SchDoc with Ceramic_Capacitor from Schlib1.SchLib
Replace Part D? CDSOT23-SM712 in C:\Users\alvar\OneDrive\Escritorio\asignaturas_4_1C\Proyectos\PCBproyecto\PCB_Project\uC_assembly.SchDoc with CDSOT23-SM712 from Schlib1.SchLib
Replace Part D? SD05-7 in C:\Users\alvar\OneDrive\Escritorio\asignaturas_4_1C\Proyectos\PCBproyecto\PCB_Project\uC_assembly.SchDoc with SD05-7 from Schlib1.SchLib
Replace Part IC? ATMEGA2560-16AU in C:\Users\alvar\OneDrive\Escritorio\asignaturas_4_1C\Proyectos\PCBproyecto\PCB_Project\uC_assembly.SchDoc with ATMEGA2560-16AU from Schlib1.SchLib
Replace Part IC? THVD1520 in C:\Users\alvar\OneDrive\Escritorio\asignaturas_4_1C\Proyectos\PCBproyecto\PCB_Project\uC_assembly.SchDoc with THVD1520 from Schlib1.SchLib
Replace Part J? 691321300004 in C:\Users\alvar\OneDrive\Escritorio\asignaturas_4_1C\Proyectos\PCBproyecto\PCB_Project\uC_assembly.SchDoc with 691321300004 from Schlib1.SchLib
Replace Part LED? LTST-C191KFKT in C:\Users\alvar\OneDrive\Escritorio\asignaturas_4_1C\Proyectos\PCBproyecto\PCB_Project\uC_assembly.SchDoc with LTST-C191KFKT from Schlib1.SchLib
Replace Part LED? LTST-C191KFKT in C:\Users\alvar\OneDrive\Escritorio\asignaturas_4_1C\Proyectos\PCBproyecto\PCB_Project\uC_assembly.SchDoc with LTST-C191KFKT from Schlib1.SchLib
Replace Part R? Resistor in C:\Users\alvar\OneDrive\Escritorio\asignaturas_4_1C\Proyectos\PCBproyecto\PCB_Project\uC_assembly.SchDoc with Resistor from Schlib1.SchLib
Replace Part R? Resistor in C:\Users\alvar\OneDrive\Escritorio\asignaturas_4_1C\Proyectos\PCBproyecto\PCB_Project\uC_assembly.SchDoc with Resistor from Schlib1.SchLib
Replace Part R? Resistor in C:\Users\alvar\OneDrive\Escritorio\asignaturas_4_1C\Proyectos\PCBproyecto\PCB_Project\uC_assembly.SchDoc with Resistor from Schlib1.SchLib
Replace Part R? Resistor in C:\Users\alvar\OneDrive\Escritorio\asignaturas_4_1C\Proyectos\PCBproyecto\PCB_Project\uC_assembly.SchDoc with Resistor from Schlib1.SchLib
Replace Part R? Resistor in C:\Users\alvar\OneDrive\Escritorio\asignaturas_4_1C\Proyectos\PCBproyecto\PCB_Project\uC_assembly.SchDoc with Resistor from Schlib1.SchLib
Replace Part R? Resistor in C:\Users\alvar\OneDrive\Escritorio\asignaturas_4_1C\Proyectos\PCBproyecto\PCB_Project\uC_assembly.SchDoc with Resistor from Schlib1.SchLib
Replace Part R? Resistor in C:\Users\alvar\OneDrive\Escritorio\asignaturas_4_1C\Proyectos\PCBproyecto\PCB_Project\uC_assembly.SchDoc with Resistor from Schlib1.SchLib
Replace Part R? Resistor in C:\Users\alvar\OneDrive\Escritorio\asignaturas_4_1C\Proyectos\PCBproyecto\PCB_Project\uC_assembly.SchDoc with Resistor from Schlib1.SchLib
Replace Part Y? LFXTAL003240 in C:\Users\alvar\OneDrive\Escritorio\asignaturas_4_1C\Proyectos\PCBproyecto\PCB_Project\uC_assembly.SchDoc with LFXTAL003240 from Schlib1.SchLib
